<https://www.google.com> is Down
<https://www.youtube.com> is Down
<https://www.facebook.com> is Down
<https://www.amazon.com> is Down
<https://www.wikipedia.org> is Down
<https://www.twitter.com> is Down
<https://www.instagram.com> is Down
<https://www.linkedin.com> is Down
<https://www.reddit.com> is Down
<https://www.netflix.com> is Down
<https://www.yahoo.com> is Down
<https://www.apple.com> is Down
<https://www.microsoft.com> is Down
<https://www.github.com> is Down
<https://www.stackoverflow.com> is Down
<https://www.medium.com> is Down
<https://www.wordpress.org> is Down
<https://www.dropbox.com> is Down
<https://www.spotify.com> is Down
<https://www.pinterest.com> is Down
<https://www.tumblr.com> is Down
<https://www.aliexpress.com> is Down
<https://www.walmart.com> is Down
<https://www.target.com> is Down
<https://www.ebay.com> is Down
<https://www.craigslist.org> is Down
<https://www.weather.com> is Down
<https://www.news.google.com> is Down
<https://www.cnn.com> is Down
<https://www.bbc.com> is Down
<https://www.nytimes.com> is Down
<https://www.theguardian.com> is Down
<https://www.huffpost.com> is Down
<https://www.forbes.com> is Down
<https://www.bloomberg.com> is Down
<https://www.cnbc.com> is Down
<https://www.espn.com> is Down
<https://www.nba.com> is Down
<https://www.nfl.com> is Down
<https://www.mlssoccer.com> is Down
<https://www.nhl.com> is Down
<https://www.mlb.com> is Down
<https://www.uefa.com> is Down
<https://www.fifa.com> is Down
<https://www.netflix.com> is Down
<https://www.hulu.com> is Down
<https://www.disneyplus.com> is Down
<https://www.primevideo.com> is Down
<https://www.cbs.com> is Down
